<?xml version="1.0" encoding="UTF-8"?>
<testsuite xmlns:xsi="http://www.w3.org/2001/XMLSchema-instance" xsi:noNamespaceSchemaLocation="https://maven.apache.org/surefire/maven-surefire-plugin/xsd/surefire-test-report-3.0.xsd" version="3.0" name="com.interview.kvstore.core.StorageEngineTest" time="0.098" tests="6" errors="0" skipped="0" failures="0">
  <properties>
[...]
</properties>
  <testcase name="putOverwritesExistingValue" classname="com.interview.kvstore.core.StorageEngineTest" time="0.049"/>
  <testcase name="recoveryResultIsExposedAfterReopen" classname="com.interview.kvstore.core.StorageEngineTest" time="0.012"/>
  <testcase name="putThenGetReturnsTheStoredValue" classname="com.interview.kvstore.core.StorageEngineTest" time="0.006"/>
  <testcase name="deleteRemovesTheKey" classname="com.interview.kvstore.core.StorageEngineTest" time="0.008"/>
  <testcase name="getOnMissingKeyReturnsNull" classname="com.interview.kvstore.core.StorageEngineTest" time="0.001"/>
  <testcase name="stateSurvivesCloseAndReopen" classname="com.interview.kvstore.core.StorageEngineTest" time="0.011"/>
</testsuite>